{"/home/node/app/app.js": {"path":"/home/node/app/app.js","statementMap":{"0":{"start":{"line":1,"column":16},"end":{"line":1,"column":34}},"1":{"start":{"line":2,"column":13},"end":{"line":2,"column":30}},"2":{"start":{"line":3,"column":18},"end":{"line":3,"column":47}},"3":{"start":{"line":4,"column":21},"end":{"line":4,"column":45}},"4":{"start":{"line":6,"column":17},"end":{"line":6,"column":26}},"5":{"start":{"line":7,"column":11},"end":{"line":7,"column":15}},"6":{"start":{"line":9,"column":0},"end":{"line":9,"column":15}},"7":{"start":{"line":11,"column":15},"end":{"line":11,"column":24}},"8":{"start":{"line":13,"column":17},"end":{"line":13,"column":36}},"9":{"start":{"line":14,"column":0},"end":{"line":14,"column":44}},"10":{"start":{"line":16,"column":0},"end":{"line":16,"column":27}},"11":{"start":{"line":17,"column":0},"end":{"line":17,"column":48}},"12":{"start":{"line":20,"column":18},"end":{"line":20,"column":51}},"13":{"start":{"line":21,"column":0},"end":{"line":21,"column":18}},"14":{"start":{"line":23,"column":21},"end":{"line":23,"column":58}},"15":{"start":{"line":24,"column":0},"end":{"line":24,"column":21}},"16":{"start":{"line":26,"column":18},"end":{"line":26,"column":51}},"17":{"start":{"line":27,"column":0},"end":{"line":27,"column":18}},"18":{"start":{"line":29,"column":23},"end":{"line":57,"column":3}},"19":{"start":{"line":59,"column":20},"end":{"line":59,"column":48}},"20":{"start":{"line":60,"column":0},"end":{"line":60,"column":71}},"21":{"start":{"line":63,"column":0},"end":{"line":65,"column":1}},"22":{"start":{"line":64,"column":2},"end":{"line":64,"column":10}},"23":{"start":{"line":69,"column":0},"end":{"line":71,"column":2}},"24":{"start":{"line":70,"column":4},"end":{"line":70,"column":56}},"25":{"start":{"line":74,"column":0},"end":{"line":74,"column":21}}},"fnMap":{"0":{"name":"(anonymous_0)","decl":{"start":{"line":69,"column":30},"end":{"line":69,"column":31}},"loc":{"start":{"line":69,"column":36},"end":{"line":71,"column":1}},"line":69}},"branchMap":{"0":{"loc":{"start":{"line":63,"column":0},"end":{"line":65,"column":1}},"type":"if","locations":[{"start":{"line":63,"column":0},"end":{"line":65,"column":1}},{"start":{},"end":{}}],"line":63}},"s":{"0":2,"1":2,"2":2,"3":2,"4":2,"5":2,"6":2,"7":2,"8":2,"9":2,"10":2,"11":2,"12":2,"13":2,"14":2,"15":2,"16":2,"17":2,"18":2,"19":2,"20":2,"21":2,"22":2,"23":2,"24":2,"25":2},"f":{"0":2},"b":{"0":[2,0]},"_coverageSchema":"1a1c01bbd47fc00a2c39e90264f33305004495a9","hash":"56b48bb12dd086b046251a20dbcce7be9ab70193"}
,"/home/node/app/api/controllers/commentController.js": {"path":"/home/node/app/api/controllers/commentController.js","statementMap":{"0":{"start":{"line":1,"column":21},"end":{"line":1,"column":53}},"1":{"start":{"line":2,"column":16},"end":{"line":2,"column":49}},"2":{"start":{"line":4,"column":0},"end":{"line":20,"column":10}},"3":{"start":{"line":6,"column":25},"end":{"line":16,"column":10}},"4":{"start":{"line":17,"column":12},"end":{"line":17,"column":28}},"5":{"start":{"line":18,"column":12},"end":{"line":18,"column":31}},"6":{"start":{"line":22,"column":0},"end":{"line":37,"column":1}},"7":{"start":{"line":24,"column":22},"end":{"line":24,"column":30}},"8":{"start":{"line":25,"column":8},"end":{"line":25,"column":41}},"9":{"start":{"line":26,"column":8},"end":{"line":26,"column":33}},"10":{"start":{"line":27,"column":27},"end":{"line":27,"column":69}},"11":{"start":{"line":28,"column":8},"end":{"line":30,"column":9}},"12":{"start":{"line":29,"column":12},"end":{"line":29,"column":79}},"13":{"start":{"line":31,"column":27},"end":{"line":31,"column":47}},"14":{"start":{"line":32,"column":31},"end":{"line":32,"column":54}},"15":{"start":{"line":33,"column":8},"end":{"line":33,"column":24}},"16":{"start":{"line":34,"column":8},"end":{"line":34,"column":33}},"17":{"start":{"line":39,"column":0},"end":{"line":60,"column":1}},"18":{"start":{"line":41,"column":24},"end":{"line":51,"column":10}},"19":{"start":{"line":53,"column":8},"end":{"line":58,"column":9}},"20":{"start":{"line":54,"column":12},"end":{"line":54,"column":41}},"21":{"start":{"line":56,"column":12},"end":{"line":56,"column":27}},"22":{"start":{"line":57,"column":12},"end":{"line":57,"column":48}},"23":{"start":{"line":63,"column":0},"end":{"line":88,"column":1}},"24":{"start":{"line":68,"column":15},"end":{"line":68,"column":23}},"25":{"start":{"line":70,"column":27},"end":{"line":70,"column":64}},"26":{"start":{"line":72,"column":11},"end":{"line":76,"column":12}},"27":{"start":{"line":73,"column":12},"end":{"line":73,"column":27}},"28":{"start":{"line":74,"column":12},"end":{"line":74,"column":48}},"29":{"start":{"line":78,"column":11},"end":{"line":81,"column":12}},"30":{"start":{"line":79,"column":12},"end":{"line":79,"column":27}},"31":{"start":{"line":80,"column":12},"end":{"line":80,"column":65}},"32":{"start":{"line":83,"column":11},"end":{"line":83,"column":30}},"33":{"start":{"line":84,"column":11},"end":{"line":84,"column":36}},"34":{"start":{"line":85,"column":34},"end":{"line":85,"column":54}},"35":{"start":{"line":86,"column":11},"end":{"line":86,"column":47}},"36":{"start":{"line":90,"column":0},"end":{"line":110,"column":1}},"37":{"start":{"line":93,"column":25},"end":{"line":93,"column":62}},"38":{"start":{"line":94,"column":9},"end":{"line":98,"column":11}},"39":{"start":{"line":95,"column":12},"end":{"line":95,"column":27}},"40":{"start":{"line":96,"column":12},"end":{"line":96,"column":48}},"41":{"start":{"line":101,"column":11},"end":{"line":104,"column":12}},"42":{"start":{"line":102,"column":12},"end":{"line":102,"column":27}},"43":{"start":{"line":103,"column":12},"end":{"line":103,"column":67}},"44":{"start":{"line":106,"column":11},"end":{"line":106,"column":57}},"45":{"start":{"line":107,"column":11},"end":{"line":107,"column":51}}},"fnMap":{"0":{"name":"(anonymous_0)","decl":{"start":{"line":5,"column":4},"end":{"line":5,"column":5}},"loc":{"start":{"line":5,"column":23},"end":{"line":20,"column":9}},"line":5},"1":{"name":"(anonymous_1)","decl":{"start":{"line":23,"column":4},"end":{"line":23,"column":5}},"loc":{"start":{"line":23,"column":24},"end":{"line":36,"column":5}},"line":23},"2":{"name":"(anonymous_2)","decl":{"start":{"line":40,"column":4},"end":{"line":40,"column":5}},"loc":{"start":{"line":40,"column":24},"end":{"line":59,"column":5}},"line":40},"3":{"name":"(anonymous_3)","decl":{"start":{"line":64,"column":4},"end":{"line":64,"column":5}},"loc":{"start":{"line":64,"column":24},"end":{"line":87,"column":9}},"line":64},"4":{"name":"(anonymous_4)","decl":{"start":{"line":91,"column":4},"end":{"line":91,"column":5}},"loc":{"start":{"line":91,"column":24},"end":{"line":109,"column":9}},"line":91}},"branchMap":{"0":{"loc":{"start":{"line":28,"column":8},"end":{"line":30,"column":9}},"type":"if","locations":[{"start":{"line":28,"column":8},"end":{"line":30,"column":9}},{"start":{},"end":{}}],"line":28},"1":{"loc":{"start":{"line":28,"column":11},"end":{"line":28,"column":50}},"type":"binary-expr","locations":[{"start":{"line":28,"column":11},"end":{"line":28,"column":23}},{"start":{"line":28,"column":26},"end":{"line":28,"column":50}}],"line":28},"2":{"loc":{"start":{"line":53,"column":8},"end":{"line":58,"column":9}},"type":"if","locations":[{"start":{"line":53,"column":8},"end":{"line":58,"column":9}},{"start":{"line":55,"column":15},"end":{"line":58,"column":9}}],"line":53},"3":{"loc":{"start":{"line":72,"column":11},"end":{"line":76,"column":12}},"type":"if","locations":[{"start":{"line":72,"column":11},"end":{"line":76,"column":12}},{"start":{},"end":{}}],"line":72},"4":{"loc":{"start":{"line":78,"column":11},"end":{"line":81,"column":12}},"type":"if","locations":[{"start":{"line":78,"column":11},"end":{"line":81,"column":12}},{"start":{},"end":{}}],"line":78},"5":{"loc":{"start":{"line":78,"column":14},"end":{"line":78,"column":88}},"type":"binary-expr","locations":[{"start":{"line":78,"column":14},"end":{"line":78,"column":63}},{"start":{"line":78,"column":65},"end":{"line":78,"column":88}}],"line":78},"6":{"loc":{"start":{"line":94,"column":9},"end":{"line":98,"column":11}},"type":"if","locations":[{"start":{"line":94,"column":9},"end":{"line":98,"column":11}},{"start":{},"end":{}}],"line":94},"7":{"loc":{"start":{"line":101,"column":11},"end":{"line":104,"column":12}},"type":"if","locations":[{"start":{"line":101,"column":11},"end":{"line":104,"column":12}},{"start":{},"end":{}}],"line":101},"8":{"loc":{"start":{"line":101,"column":14},"end":{"line":101,"column":88}},"type":"binary-expr","locations":[{"start":{"line":101,"column":14},"end":{"line":101,"column":63}},{"start":{"line":101,"column":65},"end":{"line":101,"column":88}}],"line":101}},"s":{"0":2,"1":2,"2":2,"3":0,"4":0,"5":0,"6":2,"7":0,"8":0,"9":0,"10":0,"11":0,"12":0,"13":0,"14":0,"15":0,"16":0,"17":2,"18":0,"19":0,"20":0,"21":0,"22":0,"23":2,"24":0,"25":0,"26":0,"27":0,"28":0,"29":0,"30":0,"31":0,"32":0,"33":0,"34":0,"35":0,"36":2,"37":0,"38":0,"39":0,"40":0,"41":0,"42":0,"43":0,"44":0,"45":0},"f":{"0":0,"1":0,"2":0,"3":0,"4":0},"b":{"0":[0,0],"1":[0,0],"2":[0,0],"3":[0,0],"4":[0,0],"5":[0,0],"6":[0,0],"7":[0,0],"8":[0,0]},"_coverageSchema":"1a1c01bbd47fc00a2c39e90264f33305004495a9","hash":"4385fc5fa48ba72b305e3afc5bf72298a643a8df"}
,"/home/node/app/api/controllers/postController.js": {"path":"/home/node/app/api/controllers/postController.js","statementMap":{"0":{"start":{"line":1,"column":21},"end":{"line":1,"column":53}},"1":{"start":{"line":2,"column":13},"end":{"line":2,"column":43}},"2":{"start":{"line":3,"column":22},"end":{"line":3,"column":61}},"3":{"start":{"line":5,"column":0},"end":{"line":16,"column":10}},"4":{"start":{"line":7,"column":22},"end":{"line":12,"column":13}},"5":{"start":{"line":14,"column":8},"end":{"line":14,"column":36}},"6":{"start":{"line":18,"column":0},"end":{"line":36,"column":1}},"7":{"start":{"line":20,"column":30},"end":{"line":20,"column":38}},"8":{"start":{"line":21,"column":24},"end":{"line":25,"column":10}},"9":{"start":{"line":26,"column":30},"end":{"line":26,"column":61}},"10":{"start":{"line":27,"column":21},"end":{"line":27,"column":44}},"11":{"start":{"line":28,"column":8},"end":{"line":30,"column":9}},"12":{"start":{"line":29,"column":12},"end":{"line":29,"column":36}},"13":{"start":{"line":31,"column":21},"end":{"line":31,"column":41}},"14":{"start":{"line":32,"column":8},"end":{"line":32,"column":24}},"15":{"start":{"line":33,"column":8},"end":{"line":33,"column":23}},"16":{"start":{"line":38,"column":0},"end":{"line":54,"column":1}},"17":{"start":{"line":40,"column":21},"end":{"line":45,"column":13}},"18":{"start":{"line":47,"column":8},"end":{"line":52,"column":9}},"19":{"start":{"line":48,"column":12},"end":{"line":48,"column":38}},"20":{"start":{"line":50,"column":12},"end":{"line":50,"column":27}},"21":{"start":{"line":51,"column":12},"end":{"line":51,"column":45}},"22":{"start":{"line":57,"column":0},"end":{"line":82,"column":1}},"23":{"start":{"line":62,"column":15},"end":{"line":62,"column":23}},"24":{"start":{"line":64,"column":24},"end":{"line":64,"column":58}},"25":{"start":{"line":65,"column":11},"end":{"line":68,"column":12}},"26":{"start":{"line":66,"column":12},"end":{"line":66,"column":27}},"27":{"start":{"line":67,"column":12},"end":{"line":67,"column":45}},"28":{"start":{"line":70,"column":27},"end":{"line":70,"column":87}},"29":{"start":{"line":72,"column":11},"end":{"line":75,"column":12}},"30":{"start":{"line":73,"column":12},"end":{"line":73,"column":27}},"31":{"start":{"line":74,"column":12},"end":{"line":74,"column":62}},"32":{"start":{"line":77,"column":11},"end":{"line":77,"column":29}},"33":{"start":{"line":78,"column":11},"end":{"line":78,"column":33}},"34":{"start":{"line":79,"column":31},"end":{"line":79,"column":48}},"35":{"start":{"line":80,"column":11},"end":{"line":80,"column":44}},"36":{"start":{"line":84,"column":0},"end":{"line":96,"column":1}},"37":{"start":{"line":87,"column":22},"end":{"line":87,"column":56}},"38":{"start":{"line":88,"column":9},"end":{"line":94,"column":10}},"39":{"start":{"line":89,"column":11},"end":{"line":89,"column":54}},"40":{"start":{"line":90,"column":11},"end":{"line":90,"column":48}},"41":{"start":{"line":92,"column":11},"end":{"line":92,"column":26}},"42":{"start":{"line":93,"column":11},"end":{"line":93,"column":44}}},"fnMap":{"0":{"name":"(anonymous_0)","decl":{"start":{"line":6,"column":4},"end":{"line":6,"column":5}},"loc":{"start":{"line":6,"column":23},"end":{"line":16,"column":9}},"line":6},"1":{"name":"(anonymous_1)","decl":{"start":{"line":19,"column":4},"end":{"line":19,"column":5}},"loc":{"start":{"line":19,"column":24},"end":{"line":35,"column":5}},"line":19},"2":{"name":"(anonymous_2)","decl":{"start":{"line":39,"column":4},"end":{"line":39,"column":5}},"loc":{"start":{"line":39,"column":24},"end":{"line":53,"column":5}},"line":39},"3":{"name":"(anonymous_3)","decl":{"start":{"line":58,"column":4},"end":{"line":58,"column":5}},"loc":{"start":{"line":58,"column":24},"end":{"line":81,"column":9}},"line":58},"4":{"name":"(anonymous_4)","decl":{"start":{"line":85,"column":4},"end":{"line":85,"column":5}},"loc":{"start":{"line":85,"column":24},"end":{"line":95,"column":9}},"line":85}},"branchMap":{"0":{"loc":{"start":{"line":28,"column":8},"end":{"line":30,"column":9}},"type":"if","locations":[{"start":{"line":28,"column":8},"end":{"line":30,"column":9}},{"start":{},"end":{}}],"line":28},"1":{"loc":{"start":{"line":47,"column":8},"end":{"line":52,"column":9}},"type":"if","locations":[{"start":{"line":47,"column":8},"end":{"line":52,"column":9}},{"start":{"line":49,"column":15},"end":{"line":52,"column":9}}],"line":47},"2":{"loc":{"start":{"line":65,"column":11},"end":{"line":68,"column":12}},"type":"if","locations":[{"start":{"line":65,"column":11},"end":{"line":68,"column":12}},{"start":{},"end":{}}],"line":65},"3":{"loc":{"start":{"line":72,"column":11},"end":{"line":75,"column":12}},"type":"if","locations":[{"start":{"line":72,"column":11},"end":{"line":75,"column":12}},{"start":{},"end":{}}],"line":72},"4":{"loc":{"start":{"line":88,"column":9},"end":{"line":94,"column":10}},"type":"if","locations":[{"start":{"line":88,"column":9},"end":{"line":94,"column":10}},{"start":{"line":91,"column":16},"end":{"line":94,"column":10}}],"line":88}},"s":{"0":2,"1":2,"2":2,"3":2,"4":0,"5":0,"6":2,"7":0,"8":0,"9":0,"10":0,"11":0,"12":0,"13":0,"14":0,"15":0,"16":2,"17":0,"18":0,"19":0,"20":0,"21":0,"22":2,"23":0,"24":0,"25":0,"26":0,"27":0,"28":0,"29":0,"30":0,"31":0,"32":0,"33":0,"34":0,"35":0,"36":2,"37":0,"38":0,"39":0,"40":0,"41":0,"42":0},"f":{"0":0,"1":0,"2":0,"3":0,"4":0},"b":{"0":[0,0],"1":[0,0],"2":[0,0],"3":[0,0],"4":[0,0]},"_coverageSchema":"1a1c01bbd47fc00a2c39e90264f33305004495a9","hash":"d37563e145d34059de67c54dc14db83ca9fb7add"}
,"/home/node/app/api/controllers/userController.js": {"path":"/home/node/app/api/controllers/userController.js","statementMap":{"0":{"start":{"line":1,"column":19},"end":{"line":1,"column":51}},"1":{"start":{"line":2,"column":20},"end":{"line":2,"column":56}},"2":{"start":{"line":3,"column":11},"end":{"line":3,"column":44}},"3":{"start":{"line":7,"column":0},"end":{"line":23,"column":2}},"4":{"start":{"line":8,"column":30},"end":{"line":8,"column":38}},"5":{"start":{"line":10,"column":15},"end":{"line":10,"column":44}},"6":{"start":{"line":12,"column":2},"end":{"line":22,"column":3}},"7":{"start":{"line":13,"column":4},"end":{"line":19,"column":6}},"8":{"start":{"line":21,"column":4},"end":{"line":21,"column":64}},"9":{"start":{"line":26,"column":0},"end":{"line":52,"column":2}},"10":{"start":{"line":27,"column":36},"end":{"line":27,"column":44}},"11":{"start":{"line":29,"column":21},"end":{"line":29,"column":50}},"12":{"start":{"line":31,"column":2},"end":{"line":33,"column":3}},"13":{"start":{"line":32,"column":4},"end":{"line":32,"column":58}},"14":{"start":{"line":35,"column":15},"end":{"line":39,"column":4}},"15":{"start":{"line":41,"column":2},"end":{"line":51,"column":3}},"16":{"start":{"line":42,"column":4},"end":{"line":48,"column":6}},"17":{"start":{"line":50,"column":4},"end":{"line":50,"column":56}},"18":{"start":{"line":55,"column":0},"end":{"line":69,"column":2}},"19":{"start":{"line":56,"column":15},"end":{"line":56,"column":48}},"20":{"start":{"line":58,"column":2},"end":{"line":68,"column":3}},"21":{"start":{"line":59,"column":4},"end":{"line":64,"column":6}},"22":{"start":{"line":66,"column":4},"end":{"line":66,"column":19}},"23":{"start":{"line":67,"column":4},"end":{"line":67,"column":37}},"24":{"start":{"line":71,"column":0},"end":{"line":94,"column":2}},"25":{"start":{"line":72,"column":15},"end":{"line":72,"column":48}},"26":{"start":{"line":74,"column":2},"end":{"line":93,"column":3}},"27":{"start":{"line":75,"column":4},"end":{"line":75,"column":42}},"28":{"start":{"line":76,"column":4},"end":{"line":76,"column":45}},"29":{"start":{"line":77,"column":4},"end":{"line":79,"column":5}},"30":{"start":{"line":78,"column":6},"end":{"line":78,"column":39}},"31":{"start":{"line":81,"column":24},"end":{"line":81,"column":41}},"32":{"start":{"line":83,"column":4},"end":{"line":89,"column":6}},"33":{"start":{"line":91,"column":4},"end":{"line":91,"column":19}},"34":{"start":{"line":92,"column":4},"end":{"line":92,"column":37}},"35":{"start":{"line":96,"column":0},"end":{"line":99,"column":2}},"36":{"start":{"line":97,"column":16},"end":{"line":97,"column":35}},"37":{"start":{"line":98,"column":2},"end":{"line":98,"column":17}},"38":{"start":{"line":101,"column":0},"end":{"line":111,"column":2}},"39":{"start":{"line":102,"column":15},"end":{"line":102,"column":49}},"40":{"start":{"line":104,"column":2},"end":{"line":110,"column":3}},"41":{"start":{"line":105,"column":4},"end":{"line":105,"column":47}},"42":{"start":{"line":106,"column":4},"end":{"line":106,"column":41}},"43":{"start":{"line":108,"column":4},"end":{"line":108,"column":19}},"44":{"start":{"line":109,"column":4},"end":{"line":109,"column":37}},"45":{"start":{"line":113,"column":0},"end":{"line":122,"column":2}},"46":{"start":{"line":114,"column":15},"end":{"line":114,"column":69}},"47":{"start":{"line":116,"column":2},"end":{"line":121,"column":3}},"48":{"start":{"line":117,"column":4},"end":{"line":117,"column":18}},"49":{"start":{"line":119,"column":4},"end":{"line":119,"column":19}},"50":{"start":{"line":120,"column":4},"end":{"line":120,"column":37}},"51":{"start":{"line":124,"column":0},"end":{"line":143,"column":2}},"52":{"start":{"line":125,"column":15},"end":{"line":125,"column":49}},"53":{"start":{"line":127,"column":2},"end":{"line":142,"column":3}},"54":{"start":{"line":128,"column":4},"end":{"line":128,"column":42}},"55":{"start":{"line":129,"column":4},"end":{"line":129,"column":45}},"56":{"start":{"line":131,"column":24},"end":{"line":131,"column":41}},"57":{"start":{"line":133,"column":4},"end":{"line":138,"column":6}},"58":{"start":{"line":140,"column":4},"end":{"line":140,"column":19}},"59":{"start":{"line":141,"column":4},"end":{"line":141,"column":37}}},"fnMap":{"0":{"name":"(anonymous_0)","decl":{"start":{"line":7,"column":29},"end":{"line":7,"column":30}},"loc":{"start":{"line":7,"column":49},"end":{"line":23,"column":1}},"line":7},"1":{"name":"(anonymous_1)","decl":{"start":{"line":26,"column":36},"end":{"line":26,"column":37}},"loc":{"start":{"line":26,"column":56},"end":{"line":52,"column":1}},"line":26},"2":{"name":"(anonymous_2)","decl":{"start":{"line":55,"column":38},"end":{"line":55,"column":39}},"loc":{"start":{"line":55,"column":58},"end":{"line":69,"column":1}},"line":55},"3":{"name":"(anonymous_3)","decl":{"start":{"line":71,"column":41},"end":{"line":71,"column":42}},"loc":{"start":{"line":71,"column":61},"end":{"line":94,"column":1}},"line":71},"4":{"name":"(anonymous_4)","decl":{"start":{"line":96,"column":32},"end":{"line":96,"column":33}},"loc":{"start":{"line":96,"column":52},"end":{"line":99,"column":1}},"line":96},"5":{"name":"(anonymous_5)","decl":{"start":{"line":101,"column":34},"end":{"line":101,"column":35}},"loc":{"start":{"line":101,"column":54},"end":{"line":111,"column":1}},"line":101},"6":{"name":"(anonymous_6)","decl":{"start":{"line":113,"column":35},"end":{"line":113,"column":36}},"loc":{"start":{"line":113,"column":55},"end":{"line":122,"column":1}},"line":113},"7":{"name":"(anonymous_7)","decl":{"start":{"line":124,"column":34},"end":{"line":124,"column":35}},"loc":{"start":{"line":124,"column":54},"end":{"line":143,"column":1}},"line":124}},"branchMap":{"0":{"loc":{"start":{"line":12,"column":2},"end":{"line":22,"column":3}},"type":"if","locations":[{"start":{"line":12,"column":2},"end":{"line":22,"column":3}},{"start":{"line":20,"column":9},"end":{"line":22,"column":3}}],"line":12},"1":{"loc":{"start":{"line":12,"column":6},"end":{"line":12,"column":50}},"type":"binary-expr","locations":[{"start":{"line":12,"column":6},"end":{"line":12,"column":10}},{"start":{"line":12,"column":15},"end":{"line":12,"column":49}}],"line":12},"2":{"loc":{"start":{"line":31,"column":2},"end":{"line":33,"column":3}},"type":"if","locations":[{"start":{"line":31,"column":2},"end":{"line":33,"column":3}},{"start":{},"end":{}}],"line":31},"3":{"loc":{"start":{"line":41,"column":2},"end":{"line":51,"column":3}},"type":"if","locations":[{"start":{"line":41,"column":2},"end":{"line":51,"column":3}},{"start":{"line":49,"column":9},"end":{"line":51,"column":3}}],"line":41},"4":{"loc":{"start":{"line":58,"column":2},"end":{"line":68,"column":3}},"type":"if","locations":[{"start":{"line":58,"column":2},"end":{"line":68,"column":3}},{"start":{"line":65,"column":9},"end":{"line":68,"column":3}}],"line":58},"5":{"loc":{"start":{"line":74,"column":2},"end":{"line":93,"column":3}},"type":"if","locations":[{"start":{"line":74,"column":2},"end":{"line":93,"column":3}},{"start":{"line":90,"column":9},"end":{"line":93,"column":3}}],"line":74},"6":{"loc":{"start":{"line":75,"column":16},"end":{"line":75,"column":42}},"type":"binary-expr","locations":[{"start":{"line":75,"column":16},"end":{"line":75,"column":29}},{"start":{"line":75,"column":33},"end":{"line":75,"column":42}}],"line":75},"7":{"loc":{"start":{"line":76,"column":17},"end":{"line":76,"column":45}},"type":"binary-expr","locations":[{"start":{"line":76,"column":17},"end":{"line":76,"column":31}},{"start":{"line":76,"column":35},"end":{"line":76,"column":45}}],"line":76},"8":{"loc":{"start":{"line":77,"column":4},"end":{"line":79,"column":5}},"type":"if","locations":[{"start":{"line":77,"column":4},"end":{"line":79,"column":5}},{"start":{},"end":{}}],"line":77},"9":{"loc":{"start":{"line":104,"column":2},"end":{"line":110,"column":3}},"type":"if","locations":[{"start":{"line":104,"column":2},"end":{"line":110,"column":3}},{"start":{"line":107,"column":9},"end":{"line":110,"column":3}}],"line":104},"10":{"loc":{"start":{"line":116,"column":2},"end":{"line":121,"column":3}},"type":"if","locations":[{"start":{"line":116,"column":2},"end":{"line":121,"column":3}},{"start":{"line":118,"column":9},"end":{"line":121,"column":3}}],"line":116},"11":{"loc":{"start":{"line":127,"column":2},"end":{"line":142,"column":3}},"type":"if","locations":[{"start":{"line":127,"column":2},"end":{"line":142,"column":3}},{"start":{"line":139,"column":9},"end":{"line":142,"column":3}}],"line":127},"12":{"loc":{"start":{"line":128,"column":16},"end":{"line":128,"column":42}},"type":"binary-expr","locations":[{"start":{"line":128,"column":16},"end":{"line":128,"column":29}},{"start":{"line":128,"column":33},"end":{"line":128,"column":42}}],"line":128},"13":{"loc":{"start":{"line":129,"column":17},"end":{"line":129,"column":45}},"type":"binary-expr","locations":[{"start":{"line":129,"column":17},"end":{"line":129,"column":31}},{"start":{"line":129,"column":35},"end":{"line":129,"column":45}}],"line":129}},"s":{"0":2,"1":2,"2":2,"3":2,"4":2,"5":2,"6":2,"7":1,"8":1,"9":2,"10":2,"11":2,"12":2,"13":1,"14":2,"15":2,"16":2,"17":0,"18":2,"19":0,"20":0,"21":0,"22":0,"23":0,"24":2,"25":0,"26":0,"27":0,"28":0,"29":0,"30":0,"31":0,"32":0,"33":0,"34":0,"35":2,"36":1,"37":1,"38":2,"39":0,"40":0,"41":0,"42":0,"43":0,"44":0,"45":2,"46":0,"47":0,"48":0,"49":0,"50":0,"51":2,"52":0,"53":0,"54":0,"55":0,"56":0,"57":0,"58":0,"59":0},"f":{"0":2,"1":2,"2":0,"3":0,"4":1,"5":0,"6":0,"7":0},"b":{"0":[1,1],"1":[2,1],"2":[1,1],"3":[2,0],"4":[0,0],"5":[0,0],"6":[0,0],"7":[0,0],"8":[0,0],"9":[0,0],"10":[0,0],"11":[0,0],"12":[0,0],"13":[0,0]},"_coverageSchema":"1a1c01bbd47fc00a2c39e90264f33305004495a9","hash":"8cec15a163429eed208aa8f26520592a8d61ed7d"}
,"/home/node/app/api/middleware/authMiddleware.js": {"path":"/home/node/app/api/middleware/authMiddleware.js","statementMap":{"0":{"start":{"line":1,"column":10},"end":{"line":1,"column":33}},"1":{"start":{"line":2,"column":19},"end":{"line":2,"column":51}},"2":{"start":{"line":3,"column":11},"end":{"line":3,"column":41}},"3":{"start":{"line":6,"column":0},"end":{"line":32,"column":2}},"4":{"start":{"line":9,"column":2},"end":{"line":26,"column":3}},"5":{"start":{"line":13,"column":4},"end":{"line":25,"column":5}},"6":{"start":{"line":14,"column":6},"end":{"line":14,"column":53}},"7":{"start":{"line":16,"column":22},"end":{"line":16,"column":60}},"8":{"start":{"line":18,"column":6},"end":{"line":18,"column":68}},"9":{"start":{"line":20,"column":6},"end":{"line":20,"column":12}},"10":{"start":{"line":22,"column":6},"end":{"line":22,"column":26}},"11":{"start":{"line":23,"column":6},"end":{"line":23,"column":21}},"12":{"start":{"line":24,"column":6},"end":{"line":24,"column":53}},"13":{"start":{"line":28,"column":2},"end":{"line":31,"column":3}},"14":{"start":{"line":29,"column":4},"end":{"line":29,"column":19}},"15":{"start":{"line":30,"column":4},"end":{"line":30,"column":47}},"16":{"start":{"line":34,"column":0},"end":{"line":41,"column":1}},"17":{"start":{"line":35,"column":2},"end":{"line":40,"column":3}},"18":{"start":{"line":36,"column":4},"end":{"line":36,"column":10}},"19":{"start":{"line":38,"column":4},"end":{"line":38,"column":19}},"20":{"start":{"line":39,"column":4},"end":{"line":39,"column":49}}},"fnMap":{"0":{"name":"(anonymous_0)","decl":{"start":{"line":6,"column":31},"end":{"line":6,"column":32}},"loc":{"start":{"line":6,"column":57},"end":{"line":32,"column":1}},"line":6},"1":{"name":"(anonymous_1)","decl":{"start":{"line":34,"column":16},"end":{"line":34,"column":17}},"loc":{"start":{"line":34,"column":36},"end":{"line":41,"column":1}},"line":34}},"branchMap":{"0":{"loc":{"start":{"line":9,"column":2},"end":{"line":26,"column":3}},"type":"if","locations":[{"start":{"line":9,"column":2},"end":{"line":26,"column":3}},{"start":{},"end":{}}],"line":9},"1":{"loc":{"start":{"line":10,"column":4},"end":{"line":11,"column":50}},"type":"binary-expr","locations":[{"start":{"line":10,"column":4},"end":{"line":10,"column":29}},{"start":{"line":11,"column":4},"end":{"line":11,"column":50}}],"line":10},"2":{"loc":{"start":{"line":28,"column":2},"end":{"line":31,"column":3}},"type":"if","locations":[{"start":{"line":28,"column":2},"end":{"line":31,"column":3}},{"start":{},"end":{}}],"line":28},"3":{"loc":{"start":{"line":35,"column":2},"end":{"line":40,"column":3}},"type":"if","locations":[{"start":{"line":35,"column":2},"end":{"line":40,"column":3}},{"start":{"line":37,"column":9},"end":{"line":40,"column":3}}],"line":35},"4":{"loc":{"start":{"line":35,"column":6},"end":{"line":35,"column":34}},"type":"binary-expr","locations":[{"start":{"line":35,"column":6},"end":{"line":35,"column":14}},{"start":{"line":35,"column":18},"end":{"line":35,"column":34}}],"line":35}},"s":{"0":2,"1":2,"2":2,"3":2,"4":1,"5":1,"6":1,"7":1,"8":1,"9":1,"10":0,"11":0,"12":0,"13":1,"14":0,"15":0,"16":2,"17":0,"18":0,"19":0,"20":0},"f":{"0":1,"1":0},"b":{"0":[1,0],"1":[1,1],"2":[0,1],"3":[0,0],"4":[0,0]},"_coverageSchema":"1a1c01bbd47fc00a2c39e90264f33305004495a9","hash":"2e0daa17fd2eb712e11e152d5a7d3d02b749b52f"}
,"/home/node/app/api/models/commentModel.js": {"path":"/home/node/app/api/models/commentModel.js","statementMap":{"0":{"start":{"line":1,"column":17},"end":{"line":1,"column":36}},"1":{"start":{"line":2,"column":15},"end":{"line":2,"column":30}},"2":{"start":{"line":4,"column":20},"end":{"line":23,"column":2}},"3":{"start":{"line":25,"column":0},"end":{"line":25,"column":58}}},"fnMap":{},"branchMap":{},"s":{"0":2,"1":2,"2":2,"3":2},"f":{},"b":{},"_coverageSchema":"1a1c01bbd47fc00a2c39e90264f33305004495a9","hash":"d5b98e1f112b2b57d27d2cb34cb31b6e6772281d"}
,"/home/node/app/api/models/postModel.js": {"path":"/home/node/app/api/models/postModel.js","statementMap":{"0":{"start":{"line":1,"column":17},"end":{"line":1,"column":36}},"1":{"start":{"line":2,"column":15},"end":{"line":2,"column":30}},"2":{"start":{"line":4,"column":17},"end":{"line":21,"column":6}},"3":{"start":{"line":23,"column":0},"end":{"line":23,"column":52}}},"fnMap":{},"branchMap":{},"s":{"0":2,"1":2,"2":2,"3":2},"f":{},"b":{},"_coverageSchema":"1a1c01bbd47fc00a2c39e90264f33305004495a9","hash":"ad98a6b9cc8997d1614db323b8644af07a9071d7"}
,"/home/node/app/api/models/userModel.js": {"path":"/home/node/app/api/models/userModel.js","statementMap":{"0":{"start":{"line":1,"column":17},"end":{"line":1,"column":36}},"1":{"start":{"line":2,"column":13},"end":{"line":2,"column":32}},"2":{"start":{"line":4,"column":19},"end":{"line":28,"column":1}},"3":{"start":{"line":30,"column":0},"end":{"line":32,"column":1}},"4":{"start":{"line":31,"column":2},"end":{"line":31,"column":61}},"5":{"start":{"line":34,"column":0},"end":{"line":41,"column":2}},"6":{"start":{"line":35,"column":2},"end":{"line":37,"column":3}},"7":{"start":{"line":36,"column":4},"end":{"line":36,"column":10}},"8":{"start":{"line":39,"column":15},"end":{"line":39,"column":39}},"9":{"start":{"line":40,"column":2},"end":{"line":40,"column":56}},"10":{"start":{"line":43,"column":13},"end":{"line":43,"column":47}},"11":{"start":{"line":45,"column":0},"end":{"line":45,"column":19}}},"fnMap":{"0":{"name":"(anonymous_0)","decl":{"start":{"line":30,"column":35},"end":{"line":30,"column":36}},"loc":{"start":{"line":30,"column":68},"end":{"line":32,"column":1}},"line":30},"1":{"name":"(anonymous_1)","decl":{"start":{"line":34,"column":23},"end":{"line":34,"column":24}},"loc":{"start":{"line":34,"column":45},"end":{"line":41,"column":1}},"line":34}},"branchMap":{"0":{"loc":{"start":{"line":35,"column":2},"end":{"line":37,"column":3}},"type":"if","locations":[{"start":{"line":35,"column":2},"end":{"line":37,"column":3}},{"start":{},"end":{}}],"line":35}},"s":{"0":2,"1":2,"2":2,"3":2,"4":1,"5":2,"6":3,"7":0,"8":3,"9":3,"10":2,"11":2},"f":{"0":1,"1":3},"b":{"0":[0,3]},"_coverageSchema":"1a1c01bbd47fc00a2c39e90264f33305004495a9","hash":"068861ef51e3d0daf8eaaf9b41b3303df02ce7ad"}
,"/home/node/app/api/providers/textApiProvider.js": {"path":"/home/node/app/api/providers/textApiProvider.js","statementMap":{"0":{"start":{"line":1,"column":12},"end":{"line":1,"column":28}},"1":{"start":{"line":3,"column":14},"end":{"line":3,"column":40}},"2":{"start":{"line":5,"column":0},"end":{"line":8,"column":1}},"3":{"start":{"line":6,"column":17},"end":{"line":6,"column":76}},"4":{"start":{"line":7,"column":4},"end":{"line":7,"column":24}}},"fnMap":{"0":{"name":"(anonymous_0)","decl":{"start":{"line":5,"column":22},"end":{"line":5,"column":23}},"loc":{"start":{"line":5,"column":31},"end":{"line":8,"column":1}},"line":5}},"branchMap":{},"s":{"0":2,"1":2,"2":2,"3":0,"4":0},"f":{"0":0},"b":{},"_coverageSchema":"1a1c01bbd47fc00a2c39e90264f33305004495a9","hash":"5961b50383bb4015636c0a6492e7419a6a164d4d"}
,"/home/node/app/api/routes/commentsRoute.js": {"path":"/home/node/app/api/routes/commentsRoute.js","statementMap":{"0":{"start":{"line":1,"column":0},"end":{"line":17,"column":1}},"1":{"start":{"line":3,"column":28},"end":{"line":3,"column":71}},"2":{"start":{"line":5,"column":25},"end":{"line":5,"column":64}},"3":{"start":{"line":7,"column":4},"end":{"line":10,"column":42}},"4":{"start":{"line":12,"column":4},"end":{"line":16,"column":44}}},"fnMap":{"0":{"name":"(anonymous_0)","decl":{"start":{"line":1,"column":17},"end":{"line":1,"column":18}},"loc":{"start":{"line":1,"column":29},"end":{"line":17,"column":1}},"line":1}},"branchMap":{},"s":{"0":2,"1":2,"2":2,"3":2,"4":2},"f":{"0":2},"b":{},"_coverageSchema":"1a1c01bbd47fc00a2c39e90264f33305004495a9","hash":"0a21b320b056722ed500cf24a3a2c87981a0da7a"}
,"/home/node/app/api/routes/postRoute.js": {"path":"/home/node/app/api/routes/postRoute.js","statementMap":{"0":{"start":{"line":1,"column":0},"end":{"line":15,"column":1}},"1":{"start":{"line":2,"column":27},"end":{"line":2,"column":67}},"2":{"start":{"line":3,"column":25},"end":{"line":3,"column":64}},"3":{"start":{"line":5,"column":4},"end":{"line":8,"column":59}},"4":{"start":{"line":10,"column":4},"end":{"line":14,"column":59}}},"fnMap":{"0":{"name":"(anonymous_0)","decl":{"start":{"line":1,"column":17},"end":{"line":1,"column":18}},"loc":{"start":{"line":1,"column":29},"end":{"line":15,"column":1}},"line":1}},"branchMap":{},"s":{"0":2,"1":2,"2":2,"3":2,"4":2},"f":{"0":2},"b":{},"_coverageSchema":"1a1c01bbd47fc00a2c39e90264f33305004495a9","hash":"1d49fc1432ba2322060881d3867111a1bdbb5dd6"}
,"/home/node/app/api/routes/userRoute.js": {"path":"/home/node/app/api/routes/userRoute.js","statementMap":{"0":{"start":{"line":1,"column":0},"end":{"line":19,"column":1}},"1":{"start":{"line":2,"column":27},"end":{"line":2,"column":67}},"2":{"start":{"line":3,"column":25},"end":{"line":3,"column":64}},"3":{"start":{"line":5,"column":4},"end":{"line":5,"column":113}},"4":{"start":{"line":7,"column":4},"end":{"line":7,"column":59}},"5":{"start":{"line":9,"column":4},"end":{"line":12,"column":42}},"6":{"start":{"line":15,"column":4},"end":{"line":18,"column":80}}},"fnMap":{"0":{"name":"(anonymous_0)","decl":{"start":{"line":1,"column":17},"end":{"line":1,"column":18}},"loc":{"start":{"line":1,"column":29},"end":{"line":19,"column":1}},"line":1}},"branchMap":{},"s":{"0":2,"1":2,"2":2,"3":2,"4":2,"5":2,"6":2},"f":{"0":2},"b":{},"_coverageSchema":"1a1c01bbd47fc00a2c39e90264f33305004495a9","hash":"e2cf9f3f34f3fa6702a23d7bf6e8492856ec28fb"}
,"/home/node/app/api/utils/generateToken.js": {"path":"/home/node/app/api/utils/generateToken.js","statementMap":{"0":{"start":{"line":1,"column":10},"end":{"line":1,"column":33}},"1":{"start":{"line":3,"column":22},"end":{"line":7,"column":1}},"2":{"start":{"line":4,"column":2},"end":{"line":6,"column":4}},"3":{"start":{"line":9,"column":0},"end":{"line":9,"column":28}}},"fnMap":{"0":{"name":"(anonymous_0)","decl":{"start":{"line":3,"column":22},"end":{"line":3,"column":23}},"loc":{"start":{"line":3,"column":30},"end":{"line":7,"column":1}},"line":3}},"branchMap":{},"s":{"0":2,"1":2,"2":5,"3":2},"f":{"0":5},"b":{},"_coverageSchema":"1a1c01bbd47fc00a2c39e90264f33305004495a9","hash":"4f48a0079197e83f91f8e129d5ded4e18dc847c8"}
,"/home/node/app/tests/utils/setupTestDb.js": {"path":"/home/node/app/tests/utils/setupTestDb.js","statementMap":{"0":{"start":{"line":1,"column":16},"end":{"line":1,"column":35}},"1":{"start":{"line":3,"column":20},"end":{"line":21,"column":1}},"2":{"start":{"line":4,"column":2},"end":{"line":10,"column":5}},"3":{"start":{"line":6,"column":6},"end":{"line":6,"column":34}},"4":{"start":{"line":9,"column":6},"end":{"line":9,"column":60}},"5":{"start":{"line":12,"column":2},"end":{"line":15,"column":5}},"6":{"start":{"line":14,"column":6},"end":{"line":14,"column":125}},"7":{"start":{"line":14,"column":97},"end":{"line":14,"column":122}},"8":{"start":{"line":17,"column":2},"end":{"line":20,"column":5}},"9":{"start":{"line":19,"column":6},"end":{"line":19,"column":34}},"10":{"start":{"line":22,"column":2},"end":{"line":22,"column":29}}},"fnMap":{"0":{"name":"(anonymous_0)","decl":{"start":{"line":3,"column":20},"end":{"line":3,"column":21}},"loc":{"start":{"line":3,"column":26},"end":{"line":21,"column":1}},"line":3},"1":{"name":"(anonymous_1)","decl":{"start":{"line":4,"column":12},"end":{"line":4,"column":13}},"loc":{"start":{"line":4,"column":24},"end":{"line":10,"column":3}},"line":4},"2":{"name":"(anonymous_2)","decl":{"start":{"line":12,"column":13},"end":{"line":12,"column":14}},"loc":{"start":{"line":12,"column":25},"end":{"line":15,"column":3}},"line":12},"3":{"name":"(anonymous_3)","decl":{"start":{"line":14,"column":75},"end":{"line":14,"column":76}},"loc":{"start":{"line":14,"column":97},"end":{"line":14,"column":122}},"line":14},"4":{"name":"(anonymous_4)","decl":{"start":{"line":17,"column":11},"end":{"line":17,"column":12}},"loc":{"start":{"line":17,"column":23},"end":{"line":20,"column":3}},"line":17}},"branchMap":{},"s":{"0":2,"1":2,"2":2,"3":2,"4":2,"5":2,"6":5,"7":15,"8":2,"9":2,"10":2},"f":{"0":2,"1":2,"2":5,"3":15,"4":2},"b":{},"_coverageSchema":"1a1c01bbd47fc00a2c39e90264f33305004495a9","hash":"4200da2cf887c3c77c7986ada427072c674a4034"}
,"/home/node/app/tests/utils/tokenUtil.js": {"path":"/home/node/app/tests/utils/tokenUtil.js","statementMap":{"0":{"start":{"line":2,"column":23},"end":{"line":2,"column":45}},"1":{"start":{"line":3,"column":20},"end":{"line":3,"column":60}},"2":{"start":{"line":5,"column":25},"end":{"line":5,"column":60}},"3":{"start":{"line":6,"column":24},"end":{"line":6,"column":61}},"4":{"start":{"line":8,"column":0},"end":{"line":8,"column":49}}},"fnMap":{},"branchMap":{},"s":{"0":1,"1":1,"2":1,"3":1,"4":1},"f":{},"b":{},"_coverageSchema":"1a1c01bbd47fc00a2c39e90264f33305004495a9","hash":"1e8b068fb6f4a42f6ae2d90e09a636dad649225b"}
,"/home/node/app/tests/utils/user.util.js": {"path":"/home/node/app/tests/utils/user.util.js","statementMap":{"0":{"start":{"line":1,"column":15},"end":{"line":1,"column":34}},"1":{"start":{"line":2,"column":13},"end":{"line":2,"column":32}},"2":{"start":{"line":3,"column":12},"end":{"line":3,"column":28}},"3":{"start":{"line":4,"column":13},"end":{"line":4,"column":50}},"4":{"start":{"line":6,"column":17},"end":{"line":6,"column":28}},"5":{"start":{"line":7,"column":13},"end":{"line":7,"column":34}},"6":{"start":{"line":8,"column":23},"end":{"line":8,"column":54}},"7":{"start":{"line":10,"column":16},"end":{"line":16,"column":1}},"8":{"start":{"line":18,"column":16},"end":{"line":24,"column":1}},"9":{"start":{"line":26,"column":14},"end":{"line":32,"column":1}},"10":{"start":{"line":34,"column":20},"end":{"line":36,"column":1}},"11":{"start":{"line":35,"column":2},"end":{"line":35,"column":86}},"12":{"start":{"line":35,"column":45},"end":{"line":35,"column":82}},"13":{"start":{"line":38,"column":0},"end":{"line":44,"column":4}}},"fnMap":{"0":{"name":"(anonymous_0)","decl":{"start":{"line":34,"column":20},"end":{"line":34,"column":21}},"loc":{"start":{"line":34,"column":37},"end":{"line":36,"column":1}},"line":34},"1":{"name":"(anonymous_1)","decl":{"start":{"line":35,"column":34},"end":{"line":35,"column":35}},"loc":{"start":{"line":35,"column":45},"end":{"line":35,"column":82}},"line":35}},"branchMap":{},"s":{"0":1,"1":1,"2":1,"3":1,"4":1,"5":1,"6":1,"7":1,"8":1,"9":1,"10":1,"11":1,"12":1,"13":1},"f":{"0":1,"1":1},"b":{},"_coverageSchema":"1a1c01bbd47fc00a2c39e90264f33305004495a9","hash":"a19e000c76c5a7350017840e12c6fadb180c168b"}
}
