TN:
SF:app.js
FN:69,(anonymous_0)
FNF:1
FNH:1
FNDA:2,(anonymous_0)
DA:1,2
DA:2,2
DA:3,2
DA:4,2
DA:6,2
DA:7,2
DA:9,2
DA:11,2
DA:13,2
DA:14,2
DA:16,2
DA:17,2
DA:20,2
DA:21,2
DA:23,2
DA:24,2
DA:26,2
DA:27,2
DA:29,2
DA:59,2
DA:60,2
DA:63,2
DA:64,2
DA:69,2
DA:70,2
DA:74,2
LF:26
LH:26
BRDA:63,0,0,2
BRDA:63,0,1,0
BRF:2
BRH:1
end_of_record
TN:
SF:api/controllers/commentController.js
FN:5,(anonymous_0)
FN:23,(anonymous_1)
FN:40,(anonymous_2)
FN:64,(anonymous_3)
FN:91,(anonymous_4)
FNF:5
FNH:0
FNDA:0,(anonymous_0)
FNDA:0,(anonymous_1)
FNDA:0,(anonymous_2)
FNDA:0,(anonymous_3)
FNDA:0,(anonymous_4)
DA:1,2
DA:2,2
DA:4,2
DA:6,0
DA:17,0
DA:18,0
DA:22,2
DA:24,0
DA:25,0
DA:26,0
DA:27,0
DA:28,0
DA:29,0
DA:31,0
DA:32,0
DA:33,0
DA:34,0
DA:39,2
DA:41,0
DA:53,0
DA:54,0
DA:56,0
DA:57,0
DA:63,2
DA:68,0
DA:70,0
DA:72,0
DA:73,0
DA:74,0
DA:78,0
DA:79,0
DA:80,0
DA:83,0
DA:84,0
DA:85,0
DA:86,0
DA:90,2
DA:93,0
DA:94,0
DA:95,0
DA:96,0
DA:101,0
DA:102,0
DA:103,0
DA:106,0
DA:107,0
LF:46
LH:7
BRDA:28,0,0,0
BRDA:28,0,1,0
BRDA:28,1,0,0
BRDA:28,1,1,0
BRDA:53,2,0,0
BRDA:53,2,1,0
BRDA:72,3,0,0
BRDA:72,3,1,0
BRDA:78,4,0,0
BRDA:78,4,1,0
BRDA:78,5,0,0
BRDA:78,5,1,0
BRDA:94,6,0,0
BRDA:94,6,1,0
BRDA:101,7,0,0
BRDA:101,7,1,0
BRDA:101,8,0,0
BRDA:101,8,1,0
BRF:18
BRH:0
end_of_record
TN:
SF:api/controllers/postController.js
FN:6,(anonymous_0)
FN:19,(anonymous_1)
FN:39,(anonymous_2)
FN:58,(anonymous_3)
FN:85,(anonymous_4)
FNF:5
FNH:0
FNDA:0,(anonymous_0)
FNDA:0,(anonymous_1)
FNDA:0,(anonymous_2)
FNDA:0,(anonymous_3)
FNDA:0,(anonymous_4)
DA:1,2
DA:2,2
DA:3,2
DA:5,2
DA:7,0
DA:14,0
DA:18,2
DA:20,0
DA:21,0
DA:26,0
DA:27,0
DA:28,0
DA:29,0
DA:31,0
DA:32,0
DA:33,0
DA:38,2
DA:40,0
DA:47,0
DA:48,0
DA:50,0
DA:51,0
DA:57,2
DA:62,0
DA:64,0
DA:65,0
DA:66,0
DA:67,0
DA:70,0
DA:72,0
DA:73,0
DA:74,0
DA:77,0
DA:78,0
DA:79,0
DA:80,0
DA:84,2
DA:87,0
DA:88,0
DA:89,0
DA:90,0
DA:92,0
DA:93,0
LF:43
LH:8
BRDA:28,0,0,0
BRDA:28,0,1,0
BRDA:47,1,0,0
BRDA:47,1,1,0
BRDA:65,2,0,0
BRDA:65,2,1,0
BRDA:72,3,0,0
BRDA:72,3,1,0
BRDA:88,4,0,0
BRDA:88,4,1,0
BRF:10
BRH:0
end_of_record
TN:
SF:api/controllers/userController.js
FN:7,(anonymous_0)
FN:26,(anonymous_1)
FN:55,(anonymous_2)
FN:71,(anonymous_3)
FN:96,(anonymous_4)
FN:101,(anonymous_5)
FN:113,(anonymous_6)
FN:124,(anonymous_7)
FNF:8
FNH:3
FNDA:2,(anonymous_0)
FNDA:2,(anonymous_1)
FNDA:0,(anonymous_2)
FNDA:0,(anonymous_3)
FNDA:1,(anonymous_4)
FNDA:0,(anonymous_5)
FNDA:0,(anonymous_6)
FNDA:0,(anonymous_7)
DA:1,2
DA:2,2
DA:3,2
DA:7,2
DA:8,2
DA:10,2
DA:12,2
DA:13,1
DA:21,1
DA:26,2
DA:27,2
DA:29,2
DA:31,2
DA:32,1
DA:35,2
DA:41,2
DA:42,2
DA:50,0
DA:55,2
DA:56,0
DA:58,0
DA:59,0
DA:66,0
DA:67,0
DA:71,2
DA:72,0
DA:74,0
DA:75,0
DA:76,0
DA:77,0
DA:78,0
DA:81,0
DA:83,0
DA:91,0
DA:92,0
DA:96,2
DA:97,1
DA:98,1
DA:101,2
DA:102,0
DA:104,0
DA:105,0
DA:106,0
DA:108,0
DA:109,0
DA:113,2
DA:114,0
DA:116,0
DA:117,0
DA:119,0
DA:120,0
DA:124,2
DA:125,0
DA:127,0
DA:128,0
DA:129,0
DA:131,0
DA:133,0
DA:140,0
DA:141,0
LF:60
LH:25
BRDA:12,0,0,1
BRDA:12,0,1,1
BRDA:12,1,0,2
BRDA:12,1,1,1
BRDA:31,2,0,1
BRDA:31,2,1,1
BRDA:41,3,0,2
BRDA:41,3,1,0
BRDA:58,4,0,0
BRDA:58,4,1,0
BRDA:74,5,0,0
BRDA:74,5,1,0
BRDA:75,6,0,0
BRDA:75,6,1,0
BRDA:76,7,0,0
BRDA:76,7,1,0
BRDA:77,8,0,0
BRDA:77,8,1,0
BRDA:104,9,0,0
BRDA:104,9,1,0
BRDA:116,10,0,0
BRDA:116,10,1,0
BRDA:127,11,0,0
BRDA:127,11,1,0
BRDA:128,12,0,0
BRDA:128,12,1,0
BRDA:129,13,0,0
BRDA:129,13,1,0
BRF:28
BRH:7
end_of_record
TN:
SF:api/middleware/authMiddleware.js
FN:6,(anonymous_0)
FN:34,(anonymous_1)
FNF:2
FNH:1
FNDA:1,(anonymous_0)
FNDA:0,(anonymous_1)
DA:1,2
DA:2,2
DA:3,2
DA:6,2
DA:9,1
DA:13,1
DA:14,1
DA:16,1
DA:18,1
DA:20,1
DA:22,0
DA:23,0
DA:24,0
DA:28,1
DA:29,0
DA:30,0
DA:34,2
DA:35,0
DA:36,0
DA:38,0
DA:39,0
LF:21
LH:12
BRDA:9,0,0,1
BRDA:9,0,1,0
BRDA:10,1,0,1
BRDA:10,1,1,1
BRDA:28,2,0,0
BRDA:28,2,1,1
BRDA:35,3,0,0
BRDA:35,3,1,0
BRDA:35,4,0,0
BRDA:35,4,1,0
BRF:10
BRH:4
end_of_record
TN:
SF:api/models/commentModel.js
FNF:0
FNH:0
DA:1,2
DA:2,2
DA:4,2
DA:25,2
LF:4
LH:4
BRF:0
BRH:0
end_of_record
TN:
SF:api/models/postModel.js
FNF:0
FNH:0
DA:1,2
DA:2,2
DA:4,2
DA:23,2
LF:4
LH:4
BRF:0
BRH:0
end_of_record
TN:
SF:api/models/userModel.js
FN:30,(anonymous_0)
FN:34,(anonymous_1)
FNF:2
FNH:2
FNDA:1,(anonymous_0)
FNDA:3,(anonymous_1)
DA:1,2
DA:2,2
DA:4,2
DA:30,2
DA:31,1
DA:34,2
DA:35,3
DA:36,0
DA:39,3
DA:40,3
DA:43,2
DA:45,2
LF:12
LH:11
BRDA:35,0,0,0
BRDA:35,0,1,3
BRF:2
BRH:1
end_of_record
TN:
SF:api/providers/textApiProvider.js
FN:5,(anonymous_0)
FNF:1
FNH:0
FNDA:0,(anonymous_0)
DA:1,2
DA:3,2
DA:5,2
DA:6,0
DA:7,0
LF:5
LH:3
BRF:0
BRH:0
end_of_record
TN:
SF:api/routes/commentsRoute.js
FN:1,(anonymous_0)
FNF:1
FNH:1
FNDA:2,(anonymous_0)
DA:1,2
DA:3,2
DA:5,2
DA:7,2
DA:12,2
LF:5
LH:5
BRF:0
BRH:0
end_of_record
TN:
SF:api/routes/postRoute.js
FN:1,(anonymous_0)
FNF:1
FNH:1
FNDA:2,(anonymous_0)
DA:1,2
DA:2,2
DA:3,2
DA:5,2
DA:10,2
LF:5
LH:5
BRF:0
BRH:0
end_of_record
TN:
SF:api/routes/userRoute.js
FN:1,(anonymous_0)
FNF:1
FNH:1
FNDA:2,(anonymous_0)
DA:1,2
DA:2,2
DA:3,2
DA:5,2
DA:7,2
DA:9,2
DA:15,2
LF:7
LH:7
BRF:0
BRH:0
end_of_record
TN:
SF:api/utils/generateToken.js
FN:3,(anonymous_0)
FNF:1
FNH:1
FNDA:5,(anonymous_0)
DA:1,2
DA:3,2
DA:4,5
DA:9,2
LF:4
LH:4
BRF:0
BRH:0
end_of_record
TN:
SF:tests/utils/setupTestDb.js
FN:3,(anonymous_0)
FN:4,(anonymous_1)
FN:12,(anonymous_2)
FN:14,(anonymous_3)
FN:17,(anonymous_4)
FNF:5
FNH:5
FNDA:2,(anonymous_0)
FNDA:2,(anonymous_1)
FNDA:5,(anonymous_2)
FNDA:15,(anonymous_3)
FNDA:2,(anonymous_4)
DA:1,2
DA:3,2
DA:4,2
DA:6,2
DA:9,2
DA:12,2
DA:14,15
DA:17,2
DA:19,2
DA:22,2
LF:10
LH:10
BRF:0
BRH:0
end_of_record
TN:
SF:tests/utils/tokenUtil.js
FNF:0
FNH:0
DA:2,1
DA:3,1
DA:5,1
DA:6,1
DA:8,1
LF:5
LH:5
BRF:0
BRH:0
end_of_record
TN:
SF:tests/utils/user.util.js
FN:34,(anonymous_0)
FN:35,(anonymous_1)
FNF:2
FNH:2
FNDA:1,(anonymous_0)
FNDA:1,(anonymous_1)
DA:1,1
DA:2,1
DA:3,1
DA:4,1
DA:6,1
DA:7,1
DA:8,1
DA:10,1
DA:18,1
DA:26,1
DA:34,1
DA:35,1
DA:38,1
LF:13
LH:13
BRF:0
BRH:0
end_of_record
